  [1m[35m (1.0ms)[0m  [1m[34mSELECT sqlite_version(*)[0m
  [1m[35m (2.6ms)[0m  [1m[35mCREATE TABLE "schema_migrations" ("version" varchar NOT NULL PRIMARY KEY)[0m
  [1m[35m (1.9ms)[0m  [1m[35mCREATE TABLE "ar_internal_metadata" ("key" varchar NOT NULL PRIMARY KEY, "value" varchar, "created_at" datetime(6) NOT NULL, "updated_at" datetime(6) NOT NULL)[0m
  [1m[35m (0.1ms)[0m  [1m[34mSELECT "schema_migrations"."version" FROM "schema_migrations" ORDER BY "schema_migrations"."version" ASC[0m
Migrating to CreateUser (20230320072603)
  [1m[35m (0.0ms)[0m  [1m[36mbegin transaction[0m
  [1m[35m (0.2ms)[0m  [1m[35mCREATE TABLE "users" ("id" integer PRIMARY KEY AUTOINCREMENT NOT NULL, "first_name" varchar, "last_name" varchar, "email" varchar)[0m
  [1m[36mActiveRecord::SchemaMigration Create (0.1ms)[0m  [1m[32mINSERT INTO "schema_migrations" ("version") VALUES (?)[0m  [["version", "20230320072603"]]
  [1m[35m (1.9ms)[0m  [1m[36mcommit transaction[0m
  [1m[36mActiveRecord::InternalMetadata Load (0.1ms)[0m  [1m[34mSELECT "ar_internal_metadata".* FROM "ar_internal_metadata" WHERE "ar_internal_metadata"."key" = ? LIMIT ?[0m  [["key", "environment"], ["LIMIT", 1]]
  [1m[35m (0.0ms)[0m  [1m[36mbegin transaction[0m
  [1m[36mActiveRecord::InternalMetadata Create (0.2ms)[0m  [1m[32mINSERT INTO "ar_internal_metadata" ("key", "value", "created_at", "updated_at") VALUES (?, ?, ?, ?)[0m  [["key", "environment"], ["value", "development"], ["created_at", "2023-03-20 07:26:17.298829"], ["updated_at", "2023-03-20 07:26:17.298829"]]
  [1m[35m (1.4ms)[0m  [1m[36mcommit transaction[0m
  [1m[35m (0.0ms)[0m  [1m[34mSELECT sqlite_version(*)[0m
  [1m[35m (0.1ms)[0m  [1m[34mSELECT "schema_migrations"."version" FROM "schema_migrations" ORDER BY "schema_migrations"."version" ASC[0m
  [1m[35m (0.2ms)[0m  [1m[34mSELECT sqlite_version(*)[0m
  [1m[35m (0.1ms)[0m  [1m[34mSELECT "schema_migrations"."version" FROM "schema_migrations" ORDER BY "schema_migrations"."version" ASC[0m
  [1m[35m (0.3ms)[0m  [1m[34mSELECT sqlite_version(*)[0m
  [1m[35m (0.1ms)[0m  [1m[34mSELECT "schema_migrations"."version" FROM "schema_migrations" ORDER BY "schema_migrations"."version" ASC[0m
  [1m[36mActiveRecord::InternalMetadata Load (0.1ms)[0m  [1m[34mSELECT "ar_internal_metadata".* FROM "ar_internal_metadata" WHERE "ar_internal_metadata"."key" = ? LIMIT ?[0m  [["key", "environment"], ["LIMIT", 1]]
  [1m[35m (0.0ms)[0m  [1m[34mSELECT sqlite_version(*)[0m
  [1m[35m (0.1ms)[0m  [1m[34mSELECT "schema_migrations"."version" FROM "schema_migrations" ORDER BY "schema_migrations"."version" ASC[0m
  [1m[35m (0.2ms)[0m  [1m[34mSELECT sqlite_version(*)[0m
  [1m[35m (0.1ms)[0m  [1m[34mSELECT "schema_migrations"."version" FROM "schema_migrations" ORDER BY "schema_migrations"."version" ASC[0m
  [1m[35m (0.0ms)[0m  [1m[34mSELECT sqlite_version(*)[0m
  [1m[35m (0.0ms)[0m  [1m[36mbegin transaction[0m
  [1m[36mUser Create (0.2ms)[0m  [1m[32mINSERT INTO "users" ("first_name", "last_name", "email") VALUES (?, ?, ?)[0m  [["first_name", "albert"], ["last_name", "einstein"], ["email", "ae@relativity.com"]]
  [1m[35m (1.5ms)[0m  [1m[36mcommit transaction[0m
  [1m[35m (0.0ms)[0m  [1m[36mbegin transaction[0m
  [1m[36mUser Create (0.2ms)[0m  [1m[32mINSERT INTO "users" ("first_name", "last_name", "email") VALUES (?, ?, ?)[0m  [["first_name", "marie"], ["last_name", "curie"], ["email", "mc@radiation.com"]]
  [1m[35m (1.4ms)[0m  [1m[36mcommit transaction[0m
  [1m[35m (0.0ms)[0m  [1m[36mbegin transaction[0m
  [1m[36mUser Create (0.2ms)[0m  [1m[32mINSERT INTO "users" ("first_name", "last_name", "email") VALUES (?, ?, ?)[0m  [["first_name", "issac"], ["last_name", "newton"], ["email", "in@gravity.com"]]
  [1m[35m (1.4ms)[0m  [1m[36mcommit transaction[0m
  [1m[35m (0.0ms)[0m  [1m[36mbegin transaction[0m
  [1m[36mUser Create (0.1ms)[0m  [1m[32mINSERT INTO "users" ("first_name", "last_name", "email") VALUES (?, ?, ?)[0m  [["first_name", "galileo"], ["last_name", "galilei"], ["email", "gg@astronomy.com"]]
  [1m[35m (1.3ms)[0m  [1m[36mcommit transaction[0m
Started POST "//users" for ::1 at 2023-03-20 13:07:18 +0530
  [1m[35m (0.8ms)[0m  [1m[34mSELECT sqlite_version(*)[0m
  [1m[35m (0.5ms)[0m  [1m[34mSELECT "schema_migrations"."version" FROM "schema_migrations" ORDER BY "schema_migrations"."version" ASC[0m
Processing by UsersController#create as */*
  Parameters: {"user"=>{"first_name"=>"test", "last_name"=>"smith", "email"=>"smith@gmail.com"}}
Can't verify CSRF token authenticity.
Completed 422 Unprocessable Entity in 0ms (ActiveRecord: 0.0ms | Allocations: 476)


  
ActionController::InvalidAuthenticityToken (ActionController::InvalidAuthenticityToken):
  
actionpack (6.0.6.1) lib/action_controller/metal/request_forgery_protection.rb:211:in `handle_unverified_request'
actionpack (6.0.6.1) lib/action_controller/metal/request_forgery_protection.rb:243:in `handle_unverified_request'
actionpack (6.0.6.1) lib/action_controller/metal/request_forgery_protection.rb:238:in `verify_authenticity_token'
activesupport (6.0.6.1) lib/active_support/callbacks.rb:428:in `block in make_lambda'
activesupport (6.0.6.1) lib/active_support/callbacks.rb:200:in `block (2 levels) in halting'
actionpack (6.0.6.1) lib/abstract_controller/callbacks.rb:34:in `block (2 levels) in <module:Callbacks>'
activesupport (6.0.6.1) lib/active_support/callbacks.rb:201:in `block in halting'
activesupport (6.0.6.1) lib/active_support/callbacks.rb:513:in `block in invoke_before'
activesupport (6.0.6.1) lib/active_support/callbacks.rb:513:in `each'
activesupport (6.0.6.1) lib/active_support/callbacks.rb:513:in `invoke_before'
activesupport (6.0.6.1) lib/active_support/callbacks.rb:110:in `block in run_callbacks'
activesupport (6.0.6.1) lib/active_support/callbacks.rb:139:in `run_callbacks'
actionpack (6.0.6.1) lib/abstract_controller/callbacks.rb:41:in `process_action'
actionpack (6.0.6.1) lib/action_controller/metal/rescue.rb:22:in `process_action'
actionpack (6.0.6.1) lib/action_controller/metal/instrumentation.rb:33:in `block in process_action'
activesupport (6.0.6.1) lib/active_support/notifications.rb:180:in `block in instrument'
activesupport (6.0.6.1) lib/active_support/notifications/instrumenter.rb:24:in `instrument'
activesupport (6.0.6.1) lib/active_support/notifications.rb:180:in `instrument'
actionpack (6.0.6.1) lib/action_controller/metal/instrumentation.rb:32:in `process_action'
actionpack (6.0.6.1) lib/action_controller/metal/params_wrapper.rb:245:in `process_action'
activerecord (6.0.6.1) lib/active_record/railties/controller_runtime.rb:27:in `process_action'
actionpack (6.0.6.1) lib/abstract_controller/base.rb:136:in `process'
actionview (6.0.6.1) lib/action_view/rendering.rb:39:in `process'
actionpack (6.0.6.1) lib/action_controller/metal.rb:190:in `dispatch'
actionpack (6.0.6.1) lib/action_controller/metal.rb:254:in `dispatch'
actionpack (6.0.6.1) lib/action_dispatch/routing/route_set.rb:50:in `dispatch'
actionpack (6.0.6.1) lib/action_dispatch/routing/route_set.rb:33:in `serve'
actionpack (6.0.6.1) lib/action_dispatch/journey/router.rb:49:in `block in serve'
actionpack (6.0.6.1) lib/action_dispatch/journey/router.rb:32:in `each'
actionpack (6.0.6.1) lib/action_dispatch/journey/router.rb:32:in `serve'
actionpack (6.0.6.1) lib/action_dispatch/routing/route_set.rb:834:in `call'
rack (2.2.6.4) lib/rack/tempfile_reaper.rb:15:in `call'
rack (2.2.6.4) lib/rack/etag.rb:27:in `call'
rack (2.2.6.4) lib/rack/conditional_get.rb:40:in `call'
rack (2.2.6.4) lib/rack/head.rb:12:in `call'
actionpack (6.0.6.1) lib/action_dispatch/http/content_security_policy.rb:18:in `call'
rack (2.2.6.4) lib/rack/session/abstract/id.rb:266:in `context'
rack (2.2.6.4) lib/rack/session/abstract/id.rb:260:in `call'
actionpack (6.0.6.1) lib/action_dispatch/middleware/cookies.rb:654:in `call'
activerecord (6.0.6.1) lib/active_record/migration.rb:567:in `call'
actionpack (6.0.6.1) lib/action_dispatch/middleware/callbacks.rb:27:in `block in call'
activesupport (6.0.6.1) lib/active_support/callbacks.rb:101:in `run_callbacks'
actionpack (6.0.6.1) lib/action_dispatch/middleware/callbacks.rb:26:in `call'
actionpack (6.0.6.1) lib/action_dispatch/middleware/executor.rb:14:in `call'
actionpack (6.0.6.1) lib/action_dispatch/middleware/actionable_exceptions.rb:18:in `call'
actionpack (6.0.6.1) lib/action_dispatch/middleware/debug_exceptions.rb:32:in `call'
web-console (4.2.0) lib/web_console/middleware.rb:132:in `call_app'
web-console (4.2.0) lib/web_console/middleware.rb:28:in `block in call'
web-console (4.2.0) lib/web_console/middleware.rb:17:in `catch'
web-console (4.2.0) lib/web_console/middleware.rb:17:in `call'
actionpack (6.0.6.1) lib/action_dispatch/middleware/show_exceptions.rb:33:in `call'
railties (6.0.6.1) lib/rails/rack/logger.rb:37:in `call_app'
railties (6.0.6.1) lib/rails/rack/logger.rb:26:in `block in call'
activesupport (6.0.6.1) lib/active_support/tagged_logging.rb:80:in `block in tagged'
activesupport (6.0.6.1) lib/active_support/tagged_logging.rb:28:in `tagged'
activesupport (6.0.6.1) lib/active_support/tagged_logging.rb:80:in `tagged'
railties (6.0.6.1) lib/rails/rack/logger.rb:26:in `call'
sprockets-rails (3.4.2) lib/sprockets/rails/quiet_assets.rb:13:in `call'
actionpack (6.0.6.1) lib/action_dispatch/middleware/remote_ip.rb:81:in `call'
actionpack (6.0.6.1) lib/action_dispatch/middleware/request_id.rb:27:in `call'
rack (2.2.6.4) lib/rack/method_override.rb:24:in `call'
rack (2.2.6.4) lib/rack/runtime.rb:22:in `call'
activesupport (6.0.6.1) lib/active_support/cache/strategy/local_cache_middleware.rb:29:in `call'
actionpack (6.0.6.1) lib/action_dispatch/middleware/executor.rb:14:in `call'
actionpack (6.0.6.1) lib/action_dispatch/middleware/static.rb:126:in `call'
rack (2.2.6.4) lib/rack/sendfile.rb:110:in `call'
actionpack (6.0.6.1) lib/action_dispatch/middleware/host_authorization.rb:103:in `call'
webpacker (4.3.0) lib/webpacker/dev_server_proxy.rb:23:in `perform_request'
rack-proxy (0.7.6) lib/rack/proxy.rb:87:in `call'
railties (6.0.6.1) lib/rails/engine.rb:527:in `call'
puma (4.3.12) lib/puma/configuration.rb:228:in `call'
puma (4.3.12) lib/puma/server.rb:727:in `handle_request'
puma (4.3.12) lib/puma/server.rb:476:in `process_client'
puma (4.3.12) lib/puma/server.rb:332:in `block in run'
puma (4.3.12) lib/puma/thread_pool.rb:134:in `block in spawn_thread'
Started POST "//users" for ::1 at 2023-03-20 13:08:35 +0530
  [1m[35m (0.1ms)[0m  [1m[34mSELECT sqlite_version(*)[0m
  
NoMethodError (undefined method `skip_before_filter' for UsersController:Class
Did you mean?  skip_before_action):
  
app/controllers/users_controller.rb:3:in `<class:UsersController>'
app/controllers/users_controller.rb:1:in `<main>'
Started POST "//users" for ::1 at 2023-03-20 13:08:49 +0530
  [1m[35m (0.1ms)[0m  [1m[34mSELECT sqlite_version(*)[0m
Processing by UsersController#create as */*
  Parameters: {"user"=>{"first_name"=>"test", "last_name"=>"smith", "email"=>"smith@gmail.com"}}
  [1m[35m (0.1ms)[0m  [1m[36mbegin transaction[0m
  ↳ app/controllers/users_controller.rb:29:in `create'
  [1m[36mUser Create (0.3ms)[0m  [1m[32mINSERT INTO "users" ("first_name", "last_name", "email") VALUES (?, ?, ?)[0m  [["first_name", "test"], ["last_name", "smith"], ["email", "smith@gmail.com"]]
  ↳ app/controllers/users_controller.rb:29:in `create'
  [1m[35m (7.5ms)[0m  [1m[36mcommit transaction[0m
  ↳ app/controllers/users_controller.rb:29:in `create'
Completed 201 Created in 22ms (Views: 0.5ms | ActiveRecord: 8.2ms | Allocations: 9635)


Started POST "//api/users" for ::1 at 2023-03-20 13:10:38 +0530
  [1m[35m (0.1ms)[0m  [1m[34mSELECT sqlite_version(*)[0m
Processing by Api::UsersController#create as */*
  Parameters: {"user"=>{"first_name"=>"test", "last_name"=>"smith", "email"=>"smith@gmail.com"}}
  [1m[35m (0.0ms)[0m  [1m[36mbegin transaction[0m
  ↳ app/controllers/api/users_controller.rb:29:in `create'
  [1m[36mUser Create (0.2ms)[0m  [1m[32mINSERT INTO "users" ("first_name", "last_name", "email") VALUES (?, ?, ?)[0m  [["first_name", "test"], ["last_name", "smith"], ["email", "smith@gmail.com"]]
  ↳ app/controllers/api/users_controller.rb:29:in `create'
  [1m[35m (1.5ms)[0m  [1m[36mcommit transaction[0m
  ↳ app/controllers/api/users_controller.rb:29:in `create'
Completed 500 Internal Server Error in 88ms (ActiveRecord: 2.1ms | Allocations: 56784)


  
NoMethodError (undefined method `user_url' for #<Api::UsersController:0x00005618493252f0>
Did you mean?  user_params):
  
app/controllers/api/users_controller.rb:30:in `create'
Started POST "//api/users" for ::1 at 2023-03-20 13:11:27 +0530
Processing by Api::UsersController#create as */*
  Parameters: {"user"=>{"first_name"=>"test", "last_name"=>"smith", "email"=>"smith@gmail.com"}}
  [1m[35m (0.1ms)[0m  [1m[36mbegin transaction[0m
  ↳ app/controllers/api/users_controller.rb:29:in `create'
  [1m[36mUser Create (0.2ms)[0m  [1m[32mINSERT INTO "users" ("first_name", "last_name", "email") VALUES (?, ?, ?)[0m  [["first_name", "test"], ["last_name", "smith"], ["email", "smith@gmail.com"]]
  ↳ app/controllers/api/users_controller.rb:29:in `create'
  [1m[35m (11.0ms)[0m  [1m[36mcommit transaction[0m
  ↳ app/controllers/api/users_controller.rb:29:in `create'
Completed 500 Internal Server Error in 95ms (ActiveRecord: 11.2ms | Allocations: 53810)


  
NoMethodError (undefined method `user_url' for #<Api::UsersController:0x00007fc894c89628>
Did you mean?  user_params):
  
app/controllers/api/users_controller.rb:30:in `create'
Started POST "//api/users" for ::1 at 2023-03-20 13:11:32 +0530
Processing by Api::UsersController#create as */*
  Parameters: {"user"=>{"first_name"=>"tes1t", "last_name"=>"smith", "email"=>"smith@gmail.com"}}
  [1m[35m (0.1ms)[0m  [1m[36mbegin transaction[0m
  ↳ app/controllers/api/users_controller.rb:29:in `create'
  [1m[36mUser Create (0.2ms)[0m  [1m[32mINSERT INTO "users" ("first_name", "last_name", "email") VALUES (?, ?, ?)[0m  [["first_name", "tes1t"], ["last_name", "smith"], ["email", "smith@gmail.com"]]
  ↳ app/controllers/api/users_controller.rb:29:in `create'
  [1m[35m (10.8ms)[0m  [1m[36mcommit transaction[0m
  ↳ app/controllers/api/users_controller.rb:29:in `create'
Completed 500 Internal Server Error in 87ms (ActiveRecord: 11.0ms | Allocations: 53823)


  
NoMethodError (undefined method `user_url' for #<Api::UsersController:0x0000561847d75c48>
Did you mean?  user_params):
  
app/controllers/api/users_controller.rb:30:in `create'
Started POST "//api/users" for ::1 at 2023-03-20 13:12:28 +0530
  [1m[35m (0.1ms)[0m  [1m[34mSELECT sqlite_version(*)[0m
Processing by Api::UsersController#create as */*
  Parameters: {"user"=>{"first_name"=>"tes1t", "last_name"=>"smith", "email"=>"smith@gmail.com"}}
  [1m[35m (0.0ms)[0m  [1m[36mbegin transaction[0m
  ↳ app/controllers/api/users_controller.rb:29:in `create'
  [1m[36mUser Create (0.2ms)[0m  [1m[32mINSERT INTO "users" ("first_name", "last_name", "email") VALUES (?, ?, ?)[0m  [["first_name", "tes1t"], ["last_name", "smith"], ["email", "smith@gmail.com"]]
  ↳ app/controllers/api/users_controller.rb:29:in `create'
  [1m[35m (27.9ms)[0m  [1m[36mcommit transaction[0m
  ↳ app/controllers/api/users_controller.rb:29:in `create'
Completed 201 Created in 41ms (Views: 0.7ms | ActiveRecord: 28.6ms | Allocations: 7535)


Started GET "/api/users/1" for ::1 at 2023-03-20 13:13:31 +0530
Processing by Api::UsersController#show as */*
  Parameters: {"id"=>"1"}
  [1m[36mUser Load (0.1ms)[0m  [1m[34mSELECT "users".* FROM "users" WHERE "users"."id" = ? LIMIT ?[0m  [["id", 1], ["LIMIT", 1]]
  ↳ app/controllers/api/users_controller.rb:53:in `set_user'
Completed 200 OK in 11ms (Views: 5.7ms | ActiveRecord: 0.1ms | Allocations: 5337)


Started GET "/api/users" for ::1 at 2023-03-20 13:14:02 +0530
Processing by Api::UsersController#index as */*
  [1m[36mUser Load (0.2ms)[0m  [1m[34mSELECT "users".* FROM "users"[0m
  ↳ app/controllers/api/users_controller.rb:9:in `index'
Completed 200 OK in 2ms (Views: 1.7ms | ActiveRecord: 0.2ms | Allocations: 1753)


Started DELETE "/api/users/9" for ::1 at 2023-03-20 13:14:40 +0530
Processing by Api::UsersController#destroy as */*
  Parameters: {"id"=>"9"}
  [1m[36mUser Load (0.1ms)[0m  [1m[34mSELECT "users".* FROM "users" WHERE "users"."id" = ? LIMIT ?[0m  [["id", 9], ["LIMIT", 1]]
  ↳ app/controllers/api/users_controller.rb:53:in `set_user'
  [1m[35m (0.0ms)[0m  [1m[36mbegin transaction[0m
  ↳ app/controllers/api/users_controller.rb:47:in `destroy'
  [1m[36mUser Destroy (0.1ms)[0m  [1m[31mDELETE FROM "users" WHERE "users"."id" = ?[0m  [["id", 9]]
  ↳ app/controllers/api/users_controller.rb:47:in `destroy'
  [1m[35m (10.9ms)[0m  [1m[36mcommit transaction[0m
  ↳ app/controllers/api/users_controller.rb:47:in `destroy'
No template found for Api::UsersController#destroy, rendering head :no_content
Completed 204 No Content in 17ms (ActiveRecord: 11.2ms | Allocations: 6328)


Started GET "/api/typehead/iss" for ::1 at 2023-03-20 13:17:04 +0530
  [1m[35m (0.1ms)[0m  [1m[34mSELECT sqlite_version(*)[0m
Processing by Api::UsersController#search as */*
  Parameters: {"q"=>"iss"}
Completed 500 Internal Server Error in 6ms (ActiveRecord: 0.0ms | Allocations: 3330)


  
NoMethodError (undefined method `any_of' for #<Class:0x0000561849652d88>):
  
app/controllers/api/users_controller.rb:20:in `search'
Started GET "/api/typehead/iss" for ::1 at 2023-03-20 13:18:34 +0530
  [1m[35m (0.1ms)[0m  [1m[34mSELECT sqlite_version(*)[0m
Processing by Api::UsersController#search as */*
  Parameters: {"q"=>"iss"}
Completed 500 Internal Server Error in 2ms (ActiveRecord: 0.2ms | Allocations: 1942)


  
TypeError (can't cast Regexp):
  
app/controllers/api/users_controller.rb:21:in `search'
Started GET "/api/typehead/iss" for ::1 at 2023-03-20 13:18:56 +0530
  [1m[35m (0.1ms)[0m  [1m[34mSELECT sqlite_version(*)[0m
  
SyntaxError (/home/prajakta-marghade/Desktop/3b0e5755224323fa3239/app/controllers/api/users_controller.rb:20: syntax error, unexpected '.', expecting ')'
    @search = User.where(.where('first_name ILIKE :sear...
                         ^
/home/prajakta-marghade/Desktop/3b0e5755224323fa3239/app/controllers/api/users_controller.rb:22: syntax error, unexpected ')', expecting end
... "%#{search_params[:query]}%"))
...                              ^):
  
app/controllers/api/users_controller.rb:20: syntax error, unexpected '.', expecting ')'
app/controllers/api/users_controller.rb:22: syntax error, unexpected ')', expecting end
app/controllers/api/users_controller.rb:20: syntax error, unexpected '.', expecting ')'
app/controllers/api/users_controller.rb:22: syntax error, unexpected ')', expecting end
app/controllers/api/users_controller.rb:20: syntax error, unexpected '.', expecting ')'
app/controllers/api/users_controller.rb:22: syntax error, unexpected ')', expecting end
Started GET "/api/typehead/iss" for ::1 at 2023-03-20 13:19:16 +0530
  [1m[35m (0.1ms)[0m  [1m[34mSELECT sqlite_version(*)[0m
Processing by Api::UsersController#search as */*
  Parameters: {"q"=>"iss"}
Completed 500 Internal Server Error in 208ms (ActiveRecord: 0.0ms | Allocations: 96660)


  
NameError (undefined local variable or method `search_params' for #<Api::UsersController:0x0000561848b7e268>
Did you mean?  search_typehead):
  
app/controllers/api/users_controller.rb:22:in `search'
Started GET "/api/typehead/iss" for ::1 at 2023-03-20 13:19:43 +0530
  [1m[35m (0.1ms)[0m  [1m[34mSELECT sqlite_version(*)[0m
Processing by Api::UsersController#search as */*
  Parameters: {"q"=>"iss"}
  [1m[36mUser Load (0.3ms)[0m  [1m[34mSELECT "users".* FROM "users" WHERE (first_name ILIKE '%iss%' OR last_name ILIKE '%iss%' OR email ILIKE '%iss%')[0m
  ↳ app/controllers/api/users_controller.rb:23:in `search'
Completed 500 Internal Server Error in 2ms (ActiveRecord: 0.3ms | Allocations: 2162)


  
ActiveRecord::StatementInvalid (SQLite3::SQLException: near "ILIKE": syntax error):
  
app/controllers/api/users_controller.rb:23:in `search'
Started GET "/api/typehead/iss" for ::1 at 2023-03-20 13:21:12 +0530
  [1m[35m (0.1ms)[0m  [1m[34mSELECT sqlite_version(*)[0m
Processing by Api::UsersController#search as */*
  Parameters: {"q"=>"iss"}
  [1m[36mUser Load (0.1ms)[0m  [1m[34mSELECT "users".* FROM "users" WHERE (first_name LIKE '%iss%' OR last_name LIKE '%iss%' OR email LIKE '%iss%')[0m
  ↳ app/controllers/api/users_controller.rb:23:in `search'
Completed 200 OK in 5ms (Views: 3.8ms | ActiveRecord: 0.6ms | Allocations: 4216)


Started GET "/api/typehead/new" for ::1 at 2023-03-20 13:21:19 +0530
Processing by Api::UsersController#search as */*
  Parameters: {"q"=>"new"}
  [1m[36mUser Load (0.1ms)[0m  [1m[34mSELECT "users".* FROM "users" WHERE (first_name LIKE '%new%' OR last_name LIKE '%new%' OR email LIKE '%new%')[0m
  ↳ app/controllers/api/users_controller.rb:23:in `search'
Completed 200 OK in 1ms (Views: 0.8ms | ActiveRecord: 0.1ms | Allocations: 1098)


